<?xml version="1.0" encoding="UTF-8"?>
<testsuites name="Mocha Tests" time="148.9810" tests="1" failures="0">
  <testsuite name="Root Suite" timestamp="2021-06-10T15:21:11" tests="0" file="cypress/integration/cucumber-tests/AirtimeTopup.feature" time="0.0000" failures="0">
  </testsuite>
  <testsuite name="Airtime TopUp" timestamp="2021-06-10T15:21:11" tests="1" time="148.9810" failures="0">
    <testcase name="Airtime TopUp Airtime TopUp" time="148.9810" classname="Airtime TopUp">
    </testcase>
  </testsuite>
</testsuites>