<?xml version="1.0" encoding="UTF-8"?>
<testsuites name="Mocha Tests" time="104.9580" tests="1" failures="0">
  <testsuite name="Root Suite" timestamp="2021-09-28T15:18:55" tests="0" file="cypress/integration/cucumber-tests/logout.feature" time="0.0000" failures="0">
  </testsuite>
  <testsuite name="Logout" timestamp="2021-09-28T15:18:55" tests="1" time="104.9580" failures="0">
    <testcase name="Logout Logout" time="104.9580" classname="Logout">
    </testcase>
  </testsuite>
</testsuites>