<?xml version="1.0" encoding="UTF-8"?>
<testsuites name="Mocha Tests" time="0.0000" tests="1" failures="1">
  <testsuite name="Root Suite" timestamp="2021-06-10T15:26:46" tests="0" file="cypress/integration/cucumber-tests/lifestyle.feature" time="0.0000" failures="0">
  </testsuite>
  <testsuite name="Lifestyle" timestamp="2021-06-10T15:26:46" tests="1" time="0.0000" failures="1">
    <testcase name="Lifestyle Book flight" time="0.0000" classname="Book flight">
      <failure message="Step implementation missing for: enter all flight details" type="Error"><![CDATA[Error: Step implementation missing for: enter all flight details
    at Context.resolveAndRunStepDefinition (https://80.248.0.83:3443/__cypress/tests?p=cypress\integration\cucumber-tests\lifestyle.feature:10612:11)
    at Context.eval (https://80.248.0.83:3443/__cypress/tests?p=cypress\integration\cucumber-tests\lifestyle.feature:9948:35)]]></failure>
    </testcase>
  </testsuite>
</testsuites>