<?xml version="1.0" encoding="UTF-8"?>
<testsuites name="Mocha Tests" time="100.2220" tests="1" failures="0">
  <testsuite name="Root Suite" timestamp="2021-09-28T15:16:58" tests="0" file="cypress/integration/cucumber-tests/login.feature" time="0.0000" failures="0">
  </testsuite>
  <testsuite name="Login to Internet Banking" timestamp="2021-09-28T15:16:58" tests="1" time="100.2220" failures="0">
    <testcase name="Login to Internet Banking Login to Internet banking with valid credentials" time="100.2220" classname="Login to Internet banking with valid credentials">
    </testcase>
  </testsuite>
</testsuites>