<?xml version="1.0" encoding="UTF-8"?>
<testsuites name="Mocha Tests" time="97.0840" tests="1" failures="0">
  <testsuite name="Root Suite" timestamp="2021-09-28T15:48:31" tests="0" file="cypress/integration/cucumber-tests/3SBanking.feature" time="0.0000" failures="0">
  </testsuite>
  <testsuite name="3S Banking" timestamp="2021-09-28T15:48:31" tests="1" time="97.0840" failures="0">
    <testcase name="3S Banking Verify all 3S banking functionalities" time="97.0840" classname="Verify all 3S banking functionalities">
    </testcase>
  </testsuite>
</testsuites>