<?xml version="1.0" encoding="UTF-8"?>
<testsuites name="Mocha Tests" time="131.6940" tests="1" failures="0">
  <testsuite name="Root Suite" timestamp="2021-09-28T15:52:43" tests="0" file="cypress/integration/cucumber-tests/Beneficiaries.feature" time="0.0000" failures="0">
  </testsuite>
  <testsuite name="Beneficiaries" timestamp="2021-09-28T15:52:43" tests="1" time="131.6940" failures="0">
    <testcase name="Beneficiaries Add / Remove Beneficiaries" time="131.6940" classname="Add / Remove Beneficiaries">
    </testcase>
  </testsuite>
</testsuites>