<?xml version="1.0" encoding="UTF-8"?>
<testsuites name="Mocha Tests" time="99.6030" tests="1" failures="0">
  <testsuite name="Root Suite" timestamp="2021-06-10T15:29:55" tests="0" file="cypress/integration/cucumber-tests/login.feature" time="0.0000" failures="0">
  </testsuite>
  <testsuite name="Login to Internet Banking" timestamp="2021-06-10T15:29:55" tests="1" time="99.6030" failures="0">
    <testcase name="Login to Internet Banking Login to Internet banking with valid credentials" time="99.6030" classname="Login to Internet banking with valid credentials">
    </testcase>
  </testsuite>
</testsuites>