<?xml version="1.0" encoding="UTF-8"?>
<testsuites name="Mocha Tests" time="106.6730" tests="1" failures="0">
  <testsuite name="Root Suite" timestamp="2021-09-28T15:50:30" tests="0" file="cypress/integration/cucumber-tests/AirtimeTopup.feature" time="0.0000" failures="0">
  </testsuite>
  <testsuite name="Airtime TopUp" timestamp="2021-09-28T15:50:30" tests="1" time="106.6730" failures="0">
    <testcase name="Airtime TopUp Airtime TopUp" time="106.6730" classname="Airtime TopUp">
    </testcase>
  </testsuite>
</testsuites>